ime="2024-07-17T11:28:25+03:00" level=info msg="Starting server on :8080"
time="2024-07-17T11:30:01+03:00" level=info msg="Starting server on :8080"
time="2024-07-17T16:37:25+03:00" level=info msg="Starting server on :8080"
time="2024-07-17T16:37:37+03:00" level=error msg="failed to register user{error 26 0  no such table: users}"
time="2024-07-17T18:17:57+03:00" level=info msg="Starting server on :8080"
time="2024-07-17T18:18:48+03:00" level=info msg="Starting server on :8080"
time="2024-07-17T18:19:24+03:00" level=error msg="failed to decode request body{error 26 0  EOF}"
time="2024-07-17T18:20:51+03:00" level=error msg="failed to decode request body{error 26 0  EOF}"
time="2024-07-17T18:20:56+03:00" level=info msg="Starting server on :8080"
time="2024-07-17T18:21:01+03:00" level=error msg="failed to decode request body{error 26 0  EOF}"
time="2024-07-17T18:22:23+03:00" level=error msg="failed to decode request body{error 26 0  EOF}"
time="2024-07-17T18:23:08+03:00" level=error msg="failed to decode request body{error 26 0  EOF}"
time="2024-07-17T18:23:53+03:00" level=info msg="user registered{username 15 0 johndoe <nil>}"
time="2024-07-17T18:25:23+03:00" level=info msg="Starting server on :8080"
time="2024-07-17T18:25:34+03:00" level=info msg="user registered{username 15 0 johndoe <nil>}"
time="2024-07-17T18:48:27+03:00" level=info msg="Starting server on :8080"
time="2024-07-17T18:49:08+03:00" level=info msg="Starting server on :8080"
time="2024-07-17T18:49:23+03:00" level=info msg="user registered{username 15 0 johndoe <nil>}"
time="2024-07-17T18:49:29+03:00" level=info msg="user logged in{username 15 0 johndoe <nil>}"
time="2024-07-17T18:55:35+03:00" level=info msg="Starting server on :8080"
time="2024-07-17T18:56:19+03:00" level=info msg="Starting server on :8080"
time="2024-07-17T18:59:05+03:00" level=info msg="user logged in{username 15 0 johndoe <nil>}"
time="2024-07-17T19:00:04+03:00" level=error msg="failed to create company{error 26 0  no such table: companies}"
time="2024-07-17T19:01:25+03:00" level=error msg="failed to create company{error 26 0  no such table: companies}"
time="2024-07-17T19:02:35+03:00" level=info msg="Starting server on :8080"
time="2024-07-17T19:03:03+03:00" level=error msg="failed to create company{error 26 0  no such table: companies}"
time="2024-07-17T19:05:42+03:00" level=error msg="failed to create company{error 26 0  no such table: companies}"
time="2024-07-17T19:05:58+03:00" level=error msg="failed to create company{error 26 0  no such table: companies}"
time="2024-07-17T19:07:32+03:00" level=error msg="failed to create company{error 26 0  no such table: companies}"
time="2024-07-17T19:09:14+03:00" level=error msg="failed to create company{error 26 0  no such table: companies}"
time="2024-07-17T19:09:23+03:00" level=info msg="Starting server on :8080"
time="2024-07-17T19:09:25+03:00" level=info msg="company created{company_id 15 0 bb08f94d-1e3b-4300-95ea-82c005df58a4 <nil>}"
time="2024-07-17T19:12:44+03:00" level=error msg="failed to get company{error 26 0  no such table: companies}"
time="2024-07-17T19:13:51+03:00" level=error msg="failed to get company{error 26 0  no such table: companies}"
time="2024-07-17T19:14:59+03:00" level=info msg="Starting server on :8080"
time="2024-07-17T19:14:59+03:00" level=info msg="company retrieved{company_id 15 0 bb08f94d-1e3b-4300-95ea-82c005df58a4 <nil>}"
time="2024-07-17T19:15:16+03:00" level=info msg="company retrieved{company_id 15 0 bb08f94d-1e3b-4300-95ea-82c005df58a4 <nil>}"
time="2024-07-17T19:17:44+03:00" level=info msg="company updated{company_id 15 0 bb08f94d-1e3b-4300-95ea-82c005df58a4 <nil>}"
time="2024-07-17T19:17:48+03:00" level=info msg="company retrieved{company_id 15 0 bb08f94d-1e3b-4300-95ea-82c005df58a4 <nil>}"
time="2024-07-17T19:17:58+03:00" level=info msg="company deleted{company_id 15 0 bb08f94d-1e3b-4300-95ea-82c005df58a4 <nil>}"
time="2024-07-17T19:18:26+03:00" level=info msg="Starting server on :8080"
time="2024-07-17T19:18:30+03:00" level=info msg="company created{company_id 15 0 8e745f90-8936-4e6b-9ec5-5a044e068793 <nil>}"
time="2024-07-17T19:18:48+03:00" level=info msg="Starting server on :8080"
time="2024-07-17T19:18:51+03:00" level=error msg="failed to create company{error 26 0  UNIQUE constraint failed: company.name}"
time="2024-07-17T19:18:55+03:00" level=info msg="Starting server on :8080"
time="2024-07-17T19:19:01+03:00" level=error msg="failed to create company{error 26 0  UNIQUE constraint failed: company.name}"
time="2024-07-17T19:19:10+03:00" level=info msg="Starting server on :8080"
time="2024-07-17T19:19:16+03:00" level=error msg="failed to create company{error 26 0  UNIQUE constraint failed: company.name}"
time="2024-07-17T19:19:17+03:00" level=error msg="failed to create company{error 26 0  UNIQUE constraint failed: company.name}"
time="2024-07-17T19:19:33+03:00" level=info msg="company created{company_id 15 0 2a45c200-711f-4293-a482-b175b41c8ac9 <nil>}"
time="2024-07-17T19:19:52+03:00" level=info msg="company retrieved{company_id 15 0 2a45c200-711f-4293-a482-b175b41c8ac9 <nil>}"
time="2024-07-17T19:20:00+03:00" level=info msg="company deleted{company_id 15 0 2a45c200-711f-4293-a482-b175b41c8ac9 <nil>}"
time="2024-07-17T19:20:16+03:00" level=info msg="company created{company_id 15 0 ba25e794-2228-49e9-91c9-83ef43dd714d <nil>}"
time="2024-07-17T22:54:29+03:00" level=info msg="Starting server on :8080"
time="2024-07-17T22:54:36+03:00" level=info msg="company created{company_id 15 0 df6ae274-5b97-42f5-9749-92ccfc83c11e <nil>}"
time="2024-07-17T22:55:08+03:00" level=info msg="user registered{username 15 0 sjohndoe <nil>}"
time="2024-07-17T22:56:16+03:00" level=info msg="Starting server on :8080"
time="2024-07-17T22:56:32+03:00" level=info msg="Starting server on :8080"
time="2024-07-17T22:57:14+03:00" level=info msg="user registered{username 15 0 sjohndoe <nil>}"
time="2024-07-17T22:57:33+03:00" level=info msg="user logged in{username 15 0 sjohndoe <nil>}"
time="2024-07-17T22:58:07+03:00" level=info msg="company created{company_id 15 0 660f7bc5-a2e6-4d4a-9fd0-e2888b4a56b8 <nil>}"
time="2024-07-17T22:58:51+03:00" level=error msg="failed to create company{error 26 0  UNIQUE constraint failed: company.name}"
time="2024-07-17T22:59:00+03:00" level=info msg="company retrieved{company_id 15 0 660f7bc5-a2e6-4d4a-9fd0-e2888b4a56b8 <nil>}"
time="2024-07-18T06:46:51+03:00" level=info msg="Starting server on :8080"
time="2024-07-18T06:47:07+03:00" level=error msg="failed to register user{error 26 0  no such table: users}"
time="2024-07-18T06:47:41+03:00" level=info msg="Starting server on :8080"
time="2024-07-18T06:47:44+03:00" level=info msg="user registered{username 15 0 user5zz67 <nil>}"
time="2024-07-18T07:35:30+03:00" level=info msg="Starting server on :8080"
time="2024-07-18T07:35:39+03:00" level=info msg="Starting server on :8080"
time="2024-07-18T07:36:00+03:00" level=error msg="failed to register user{error 26 0  no such table: users}"
time="2024-07-18T07:36:21+03:00" level=error msg="failed to register user{error 26 0  no such table: users}"
time="2024-07-18T07:36:41+03:00" level=warning msg="failed to authenticate user{username 15 0 user5zdz67 <nil>} {error 26 0  no such table: users}"
time="2024-07-18T07:36:51+03:00" level=error msg="failed to register user{error 26 0  no such table: users}"
time="2024-07-18T07:37:31+03:00" level=info msg="Starting server on :8080"
time="2024-07-18T07:37:34+03:00" level=info msg="user registered{username 15 0 ssgjohndoe <nil>}"
time="2024-07-18T07:37:47+03:00" level=info msg="user logged in{username 15 0 ssgjohndoe <nil>}"
time="2024-07-18T07:40:08+03:00" level=info msg="company created{company_id 15 0 9cf7e84e-01e5-408c-bd38-be34eeca8513 <nil>}"
time="2024-07-18T07:41:16+03:00" level=info msg="Starting server on :8080"
time="2024-07-18T07:41:24+03:00" level=info msg="user registered{username 15 0 ssgjohndoe <nil>}"
time="2024-07-18T07:41:28+03:00" level=info msg="user logged in{username 15 0 ssgjohndoe <nil>}"
time="2024-07-18T07:41:31+03:00" level=info msg="company created{company_id 15 0 328f2a70-f9e1-4821-925e-3e4e8fafe8e3 <nil>}"
time="2024-07-18T07:52:19+03:00" level=info msg="Starting server on :8080"
time="2024-07-18T07:52:52+03:00" level=info msg="Starting server on :8080"
time="2024-07-18T07:53:00+03:00" level=info msg="user registered{username 15 0 ssgjohndoe <nil>}"
time="2024-07-18T07:53:02+03:00" level=info msg="user logged in{username 15 0 ssgjohndoe <nil>}"
time="2024-07-18T08:14:41+03:00" level=info msg="Starting server on :8080"
